0 info it worked if it ends with ok
1 verbose cli [ '/usr/bin/node', '/usr/bin/npm', 'i', 'socket.io', '-S' ]
2 info using npm@3.5.2
3 info using node@v8.10.0
4 silly loadCurrentTree Starting
5 silly install loadCurrentTree
6 silly install readLocalPackageData
7 silly fetchPackageMetaData socket.io@^2.2.0
8 silly fetchNamedPackageData socket.io
9 silly mapToRegistry name socket.io
10 silly mapToRegistry using default registry
11 silly mapToRegistry registry https://registry.npmjs.org/
12 silly mapToRegistry uri https://registry.npmjs.org/socket.io
13 verbose request uri https://registry.npmjs.org/socket.io
14 verbose request no auth needed
15 info attempt registry request try #1 at 16:53:50
16 verbose request id 7ac73e474b11a2ae
17 verbose etag W/"a9cf3caf12aa97184fd5c2c188ac511d"
18 verbose lastModified Wed, 16 Jan 2019 19:39:29 GMT
19 http request GET https://registry.npmjs.org/socket.io
20 http 304 https://registry.npmjs.org/socket.io
21 verbose headers { date: 'Mon, 27 May 2019 14:53:50 GMT',
21 verbose headers   connection: 'keep-alive',
21 verbose headers   'set-cookie':
21 verbose headers    [ '__cfduid=dde27044842331ca593caf163af0378d41558968830; expires=Tue, 26-May-20 14:53:50 GMT; path=/; domain=.registry.npmjs.org; HttpOnly' ],
21 verbose headers   'cf-cache-status': 'HIT',
21 verbose headers   'cache-control': 'max-age=300',
21 verbose headers   'cf-ray': '4dd8d2157df9d67d-MAD',
21 verbose headers   etag: '"a9cf3caf12aa97184fd5c2c188ac511d"',
21 verbose headers   'expect-ct': 'max-age=604800, report-uri="https://report-uri.cloudflare.com/cdn-cgi/beacon/expect-ct"',
21 verbose headers   'last-modified': 'Wed, 16 Jan 2019 19:39:29 GMT',
21 verbose headers   vary: 'accept-encoding, accept',
21 verbose headers   'x-amz-meta-rev': '1148-4e08772a310685e4af76910a20ac5462',
21 verbose headers   server: 'cloudflare' }
22 silly get cb [ 304,
22 silly get   { date: 'Mon, 27 May 2019 14:53:50 GMT',
22 silly get     connection: 'keep-alive',
22 silly get     'set-cookie':
22 silly get      [ '__cfduid=dde27044842331ca593caf163af0378d41558968830; expires=Tue, 26-May-20 14:53:50 GMT; path=/; domain=.registry.npmjs.org; HttpOnly' ],
22 silly get     'cf-cache-status': 'HIT',
22 silly get     'cache-control': 'max-age=300',
22 silly get     'cf-ray': '4dd8d2157df9d67d-MAD',
22 silly get     etag: '"a9cf3caf12aa97184fd5c2c188ac511d"',
22 silly get     'expect-ct': 'max-age=604800, report-uri="https://report-uri.cloudflare.com/cdn-cgi/beacon/expect-ct"',
22 silly get     'last-modified': 'Wed, 16 Jan 2019 19:39:29 GMT',
22 silly get     vary: 'accept-encoding, accept',
22 silly get     'x-amz-meta-rev': '1148-4e08772a310685e4af76910a20ac5462',
22 silly get     server: 'cloudflare' } ]
23 verbose etag https://registry.npmjs.org/socket.io from cache
24 verbose get saving socket.io to /home/felipe/.npm/registry.npmjs.org/socket.io/.cache.json
25 silly install normalizeTree
26 silly loadCurrentTree Finishing
27 silly loadIdealTree Starting
28 silly install loadIdealTree
29 silly cloneCurrentTree Starting
30 silly install cloneCurrentTreeToIdealTree
31 silly cloneCurrentTree Finishing
32 silly loadShrinkwrap Starting
33 silly install loadShrinkwrap
34 silly loadShrinkwrap Finishing
35 silly loadAllDepsIntoIdealTree Starting
36 silly install loadAllDepsIntoIdealTree
37 silly resolveWithNewModule socket.io@2.2.0 checking installable status
38 silly cache add args [ 'socket.io@^2.2.0', null ]
39 verbose cache add spec socket.io@^2.2.0
40 silly cache add parsed spec Result {
40 silly cache add   raw: 'socket.io@^2.2.0',
40 silly cache add   scope: null,
40 silly cache add   name: 'socket.io',
40 silly cache add   rawSpec: '^2.2.0',
40 silly cache add   spec: '>=2.2.0 <3.0.0',
40 silly cache add   type: 'range' }
41 silly addNamed socket.io@>=2.2.0 <3.0.0
42 verbose addNamed ">=2.2.0 <3.0.0" is a valid semver range for socket.io
43 silly addNameRange { name: 'socket.io', range: '>=2.2.0 <3.0.0', hasData: false }
44 silly mapToRegistry name socket.io
45 silly mapToRegistry using default registry
46 silly mapToRegistry registry https://registry.npmjs.org/
47 silly mapToRegistry uri https://registry.npmjs.org/socket.io
48 verbose addNameRange registry:https://registry.npmjs.org/socket.io not in flight; fetching
49 verbose get https://registry.npmjs.org/socket.io not expired, no request
50 silly addNameRange number 2 { name: 'socket.io', range: '>=2.2.0 <3.0.0', hasData: true }
51 silly addNameRange versions [ 'socket.io',
51 silly addNameRange   [ '0.3.8',
51 silly addNameRange     '0.4.0',
51 silly addNameRange     '0.4.1',
51 silly addNameRange     '0.5.1',
51 silly addNameRange     '0.5.3',
51 silly addNameRange     '0.6.0',
51 silly addNameRange     '0.6.1',
51 silly addNameRange     '0.6.3',
51 silly addNameRange     '0.6.4',
51 silly addNameRange     '0.6.5',
51 silly addNameRange     '0.6.6',
51 silly addNameRange     '0.6.7',
51 silly addNameRange     '0.6.8',
51 silly addNameRange     '0.6.9',
51 silly addNameRange     '0.6.10',
51 silly addNameRange     '0.6.11',
51 silly addNameRange     '0.6.12',
51 silly addNameRange     '0.6.14',
51 silly addNameRange     '0.6.15',
51 silly addNameRange     '0.6.16',
51 silly addNameRange     '0.6.17',
51 silly addNameRange     '0.6.18',
51 silly addNameRange     '0.7.0',
51 silly addNameRange     '0.7.1',
51 silly addNameRange     '0.7.2',
51 silly addNameRange     '0.7.3',
51 silly addNameRange     '0.7.4',
51 silly addNameRange     '0.7.5',
51 silly addNameRange     '0.7.6',
51 silly addNameRange     '0.7.7',
51 silly addNameRange     '0.7.8',
51 silly addNameRange     '0.7.9',
51 silly addNameRange     '0.7.10',
51 silly addNameRange     '0.7.11',
51 silly addNameRange     '0.8.0',
51 silly addNameRange     '0.8.1',
51 silly addNameRange     '0.8.2',
51 silly addNameRange     '0.8.3',
51 silly addNameRange     '0.8.4',
51 silly addNameRange     '0.8.5',
51 silly addNameRange     '0.8.6',
51 silly addNameRange     '0.8.7',
51 silly addNameRange     '0.9.0',
51 silly addNameRange     '0.9.1',
51 silly addNameRange     '0.9.1-1',
51 silly addNameRange     '0.9.2',
51 silly addNameRange     '0.9.3',
51 silly addNameRange     '0.9.4',
51 silly addNameRange     '0.9.5',
51 silly addNameRange     '0.9.6',
51 silly addNameRange     '0.9.7',
51 silly addNameRange     '0.9.8',
51 silly addNameRange     '0.9.9',
51 silly addNameRange     '0.9.10',
51 silly addNameRange     '0.9.11',
51 silly addNameRange     '0.9.12',
51 silly addNameRange     '0.9.13',
51 silly addNameRange     '0.9.14',
51 silly addNameRange     '0.9.15',
51 silly addNameRange     '0.9.16',
51 silly addNameRange     '1.0.0-pre',
51 silly addNameRange     '1.0.0-pre2',
51 silly addNameRange     '1.0.0-pre3',
51 silly addNameRange     '1.0.0-pre4',
51 silly addNameRange     '1.0.0-pre5',
51 silly addNameRange     '0.9.17',
51 silly addNameRange     '1.0.0',
51 silly addNameRange     '1.0.1',
51 silly addNameRange     '1.0.2',
51 silly addNameRange     '1.0.3',
51 silly addNameRange     '1.0.4',
51 silly addNameRange     '1.0.5',
51 silly addNameRange     '1.0.6',
51 silly addNameRange     '1.1.0',
51 silly addNameRange     '1.2.0',
51 silly addNameRange     '1.2.1',
51 silly addNameRange     '1.3.0',
51 silly addNameRange     '1.3.1',
51 silly addNameRange     '1.3.2',
51 silly addNameRange     '1.3.3',
51 silly addNameRange     '1.3.4',
51 silly addNameRange     '1.3.5',
51 silly addNameRange     '1.3.6',
51 silly addNameRange     '1.3.7',
51 silly addNameRange     '1.4.0',
51 silly addNameRange     '1.4.1',
51 silly addNameRange     '1.4.2',
51 silly addNameRange     '1.4.3',
51 silly addNameRange     '1.4.4',
51 silly addNameRange     '1.4.5',
51 silly addNameRange     '1.4.6',
51 silly addNameRange     '1.4.7',
51 silly addNameRange     '1.4.8',
51 silly addNameRange     '1.5.0',
51 silly addNameRange     '1.5.1',
51 silly addNameRange     '1.6.0',
51 silly addNameRange     '1.7.0',
51 silly addNameRange     '1.7.1',
51 silly addNameRange     '1.7.2',
51 silly addNameRange     '1.7.3',
51 silly addNameRange     ... 11 more items ] ]
52 silly addNamed socket.io@2.2.0
53 verbose addNamed "2.2.0" is a plain semver version for socket.io
54 silly cache afterAdd socket.io@2.2.0
55 verbose afterAdd /home/felipe/.npm/socket.io/2.2.0/package/package.json not in flight; writing
56 verbose afterAdd /home/felipe/.npm/socket.io/2.2.0/package/package.json written
57 silly fetchNamedPackageData debug
58 silly mapToRegistry name debug
59 silly mapToRegistry using default registry
60 silly mapToRegistry registry https://registry.npmjs.org/
61 silly mapToRegistry uri https://registry.npmjs.org/debug
62 verbose request uri https://registry.npmjs.org/debug
63 verbose request no auth needed
64 info attempt registry request try #1 at 16:53:50
65 verbose etag W/"1565ffa7c9ca5ce9f0eda63fa397cdbb"
66 verbose lastModified Sun, 05 May 2019 08:25:09 GMT
67 http request GET https://registry.npmjs.org/debug
68 http 304 https://registry.npmjs.org/debug
69 verbose headers { date: 'Mon, 27 May 2019 14:53:50 GMT',
69 verbose headers   connection: 'keep-alive',
69 verbose headers   'set-cookie':
69 verbose headers    [ '__cfduid=dde27044842331ca593caf163af0378d41558968830; expires=Tue, 26-May-20 14:53:50 GMT; path=/; domain=.registry.npmjs.org; HttpOnly' ],
69 verbose headers   'cf-cache-status': 'HIT',
69 verbose headers   'cache-control': 'max-age=300',
69 verbose headers   'cf-ray': '4dd8d217ad7fd67d-MAD',
69 verbose headers   etag: '"1565ffa7c9ca5ce9f0eda63fa397cdbb"',
69 verbose headers   'expect-ct': 'max-age=604800, report-uri="https://report-uri.cloudflare.com/cdn-cgi/beacon/expect-ct"',
69 verbose headers   'last-modified': 'Sun, 05 May 2019 08:25:09 GMT',
69 verbose headers   vary: 'accept-encoding, accept',
69 verbose headers   'x-amz-meta-rev': '903-9586012d9f175d3d08c57e4354fe1884',
69 verbose headers   server: 'cloudflare' }
70 silly get cb [ 304,
70 silly get   { date: 'Mon, 27 May 2019 14:53:50 GMT',
70 silly get     connection: 'keep-alive',
70 silly get     'set-cookie':
70 silly get      [ '__cfduid=dde27044842331ca593caf163af0378d41558968830; expires=Tue, 26-May-20 14:53:50 GMT; path=/; domain=.registry.npmjs.org; HttpOnly' ],
70 silly get     'cf-cache-status': 'HIT',
70 silly get     'cache-control': 'max-age=300',
70 silly get     'cf-ray': '4dd8d217ad7fd67d-MAD',
70 silly get     etag: '"1565ffa7c9ca5ce9f0eda63fa397cdbb"',
70 silly get     'expect-ct': 'max-age=604800, report-uri="https://report-uri.cloudflare.com/cdn-cgi/beacon/expect-ct"',
70 silly get     'last-modified': 'Sun, 05 May 2019 08:25:09 GMT',
70 silly get     vary: 'accept-encoding, accept',
70 silly get     'x-amz-meta-rev': '903-9586012d9f175d3d08c57e4354fe1884',
70 silly get     server: 'cloudflare' } ]
71 verbose etag https://registry.npmjs.org/debug from cache
72 verbose get saving debug to /home/felipe/.npm/registry.npmjs.org/debug/.cache.json
73 silly resolveWithNewModule debug@4.1.1 checking installable status
74 silly cache add args [ 'debug@~4.1.0', null ]
75 verbose cache add spec debug@~4.1.0
76 silly cache add parsed spec Result {
76 silly cache add   raw: 'debug@~4.1.0',
76 silly cache add   scope: null,
76 silly cache add   name: 'debug',
76 silly cache add   rawSpec: '~4.1.0',
76 silly cache add   spec: '>=4.1.0 <4.2.0',
76 silly cache add   type: 'range' }
77 silly addNamed debug@>=4.1.0 <4.2.0
78 verbose addNamed ">=4.1.0 <4.2.0" is a valid semver range for debug
79 silly addNameRange { name: 'debug', range: '>=4.1.0 <4.2.0', hasData: false }
80 silly mapToRegistry name debug
81 silly mapToRegistry using default registry
82 silly mapToRegistry registry https://registry.npmjs.org/
83 silly mapToRegistry uri https://registry.npmjs.org/debug
84 verbose addNameRange registry:https://registry.npmjs.org/debug not in flight; fetching
85 verbose get https://registry.npmjs.org/debug not expired, no request
86 silly addNameRange number 2 { name: 'debug', range: '>=4.1.0 <4.2.0', hasData: true }
87 silly addNameRange versions [ 'debug',
87 silly addNameRange   [ '0.0.1',
87 silly addNameRange     '0.1.0',
87 silly addNameRange     '0.2.0',
87 silly addNameRange     '0.3.0',
87 silly addNameRange     '0.4.0',
87 silly addNameRange     '0.4.1',
87 silly addNameRange     '0.5.0',
87 silly addNameRange     '0.6.0',
87 silly addNameRange     '0.7.0',
87 silly addNameRange     '0.7.1',
87 silly addNameRange     '0.7.2',
87 silly addNameRange     '0.7.3',
87 silly addNameRange     '0.7.4',
87 silly addNameRange     '0.8.0',
87 silly addNameRange     '0.8.1',
87 silly addNameRange     '1.0.0',
87 silly addNameRange     '1.0.1',
87 silly addNameRange     '1.0.2',
87 silly addNameRange     '1.0.3',
87 silly addNameRange     '1.0.4',
87 silly addNameRange     '2.0.0',
87 silly addNameRange     '2.1.0',
87 silly addNameRange     '2.1.1',
87 silly addNameRange     '2.1.2',
87 silly addNameRange     '2.1.3',
87 silly addNameRange     '2.2.0',
87 silly addNameRange     '2.3.0',
87 silly addNameRange     '2.3.1',
87 silly addNameRange     '2.3.2',
87 silly addNameRange     '2.3.3',
87 silly addNameRange     '2.4.0',
87 silly addNameRange     '2.4.1',
87 silly addNameRange     '2.4.2',
87 silly addNameRange     '2.4.3',
87 silly addNameRange     '2.4.4',
87 silly addNameRange     '2.4.5',
87 silly addNameRange     '2.5.0',
87 silly addNameRange     '2.5.1',
87 silly addNameRange     '2.5.2',
87 silly addNameRange     '2.6.0',
87 silly addNameRange     '2.6.1',
87 silly addNameRange     '2.6.2',
87 silly addNameRange     '2.6.3',
87 silly addNameRange     '2.6.4',
87 silly addNameRange     '2.6.5',
87 silly addNameRange     '2.6.6',
87 silly addNameRange     '2.6.7',
87 silly addNameRange     '2.6.8',
87 silly addNameRange     '1.0.5',
87 silly addNameRange     '3.0.0',
87 silly addNameRange     '3.0.1',
87 silly addNameRange     '2.6.9',
87 silly addNameRange     '3.1.0',
87 silly addNameRange     '3.2.0',
87 silly addNameRange     '3.2.1',
87 silly addNameRange     '3.2.2',
87 silly addNameRange     '3.2.3',
87 silly addNameRange     '4.0.0',
87 silly addNameRange     '3.2.4',
87 silly addNameRange     '3.2.5',
87 silly addNameRange     '4.0.1',
87 silly addNameRange     '4.1.0',
87 silly addNameRange     '3.2.6',
87 silly addNameRange     '4.1.1' ] ]
88 silly addNamed debug@4.1.1
89 verbose addNamed "4.1.1" is a plain semver version for debug
90 silly cache afterAdd debug@4.1.1
91 verbose afterAdd /home/felipe/.npm/debug/4.1.1/package/package.json not in flight; writing
92 verbose afterAdd /home/felipe/.npm/debug/4.1.1/package/package.json written
93 silly fetchNamedPackageData ms
94 silly mapToRegistry name ms
95 silly mapToRegistry using default registry
96 silly mapToRegistry registry https://registry.npmjs.org/
97 silly mapToRegistry uri https://registry.npmjs.org/ms
98 verbose request uri https://registry.npmjs.org/ms
99 verbose request no auth needed
100 info attempt registry request try #1 at 16:53:50
101 verbose etag W/"22cc54b0ce52bb43e0c70f45fa0da474"
102 verbose lastModified Thu, 07 Mar 2019 13:11:10 GMT
103 http request GET https://registry.npmjs.org/ms
104 http 304 https://registry.npmjs.org/ms
105 verbose headers { date: 'Mon, 27 May 2019 14:53:50 GMT',
105 verbose headers   connection: 'keep-alive',
105 verbose headers   'set-cookie':
105 verbose headers    [ '__cfduid=dde27044842331ca593caf163af0378d41558968830; expires=Tue, 26-May-20 14:53:50 GMT; path=/; domain=.registry.npmjs.org; HttpOnly' ],
105 verbose headers   'cf-cache-status': 'HIT',
105 verbose headers   'cache-control': 'max-age=300',
105 verbose headers   'cf-ray': '4dd8d2180f07d67d-MAD',
105 verbose headers   etag: '"22cc54b0ce52bb43e0c70f45fa0da474"',
105 verbose headers   'expect-ct': 'max-age=604800, report-uri="https://report-uri.cloudflare.com/cdn-cgi/beacon/expect-ct"',
105 verbose headers   'last-modified': 'Thu, 07 Mar 2019 13:11:10 GMT',
105 verbose headers   vary: 'accept-encoding, accept',
105 verbose headers   'x-amz-meta-rev': '150-82e779c143b091f01778977467ac0718',
105 verbose headers   server: 'cloudflare' }
106 silly get cb [ 304,
106 silly get   { date: 'Mon, 27 May 2019 14:53:50 GMT',
106 silly get     connection: 'keep-alive',
106 silly get     'set-cookie':
106 silly get      [ '__cfduid=dde27044842331ca593caf163af0378d41558968830; expires=Tue, 26-May-20 14:53:50 GMT; path=/; domain=.registry.npmjs.org; HttpOnly' ],
106 silly get     'cf-cache-status': 'HIT',
106 silly get     'cache-control': 'max-age=300',
106 silly get     'cf-ray': '4dd8d2180f07d67d-MAD',
106 silly get     etag: '"22cc54b0ce52bb43e0c70f45fa0da474"',
106 silly get     'expect-ct': 'max-age=604800, report-uri="https://report-uri.cloudflare.com/cdn-cgi/beacon/expect-ct"',
106 silly get     'last-modified': 'Thu, 07 Mar 2019 13:11:10 GMT',
106 silly get     vary: 'accept-encoding, accept',
106 silly get     'x-amz-meta-rev': '150-82e779c143b091f01778977467ac0718',
106 silly get     server: 'cloudflare' } ]
107 verbose etag https://registry.npmjs.org/ms from cache
108 verbose get saving ms to /home/felipe/.npm/registry.npmjs.org/ms/.cache.json
109 silly resolveWithNewModule ms@2.1.1 checking installable status
110 silly cache add args [ 'ms@^2.1.1', null ]
111 verbose cache add spec ms@^2.1.1
112 silly cache add parsed spec Result {
112 silly cache add   raw: 'ms@^2.1.1',
112 silly cache add   scope: null,
112 silly cache add   name: 'ms',
112 silly cache add   rawSpec: '^2.1.1',
112 silly cache add   spec: '>=2.1.1 <3.0.0',
112 silly cache add   type: 'range' }
113 silly addNamed ms@>=2.1.1 <3.0.0
114 verbose addNamed ">=2.1.1 <3.0.0" is a valid semver range for ms
115 silly addNameRange { name: 'ms', range: '>=2.1.1 <3.0.0', hasData: false }
116 silly mapToRegistry name ms
117 silly mapToRegistry using default registry
118 silly mapToRegistry registry https://registry.npmjs.org/
119 silly mapToRegistry uri https://registry.npmjs.org/ms
120 verbose addNameRange registry:https://registry.npmjs.org/ms not in flight; fetching
121 verbose get https://registry.npmjs.org/ms not expired, no request
122 silly addNameRange number 2 { name: 'ms', range: '>=2.1.1 <3.0.0', hasData: true }
123 silly addNameRange versions [ 'ms',
123 silly addNameRange   [ '0.1.0',
123 silly addNameRange     '0.2.0',
123 silly addNameRange     '0.3.0',
123 silly addNameRange     '0.4.0',
123 silly addNameRange     '0.5.0',
123 silly addNameRange     '0.5.1',
123 silly addNameRange     '0.6.0',
123 silly addNameRange     '0.6.1',
123 silly addNameRange     '0.6.2',
123 silly addNameRange     '0.7.0',
123 silly addNameRange     '0.7.1',
123 silly addNameRange     '0.7.2',
123 silly addNameRange     '0.7.3',
123 silly addNameRange     '1.0.0',
123 silly addNameRange     '2.0.0',
123 silly addNameRange     '2.1.0',
123 silly addNameRange     '2.1.1' ] ]
124 silly addNamed ms@2.1.1
125 verbose addNamed "2.1.1" is a plain semver version for ms
126 silly cache afterAdd ms@2.1.1
127 verbose afterAdd /home/felipe/.npm/ms/2.1.1/package/package.json not in flight; writing
128 verbose afterAdd /home/felipe/.npm/ms/2.1.1/package/package.json written
129 silly fetchNamedPackageData fsevents
130 silly mapToRegistry name fsevents
131 silly mapToRegistry using default registry
132 silly mapToRegistry registry https://registry.npmjs.org/
133 silly mapToRegistry uri https://registry.npmjs.org/fsevents
134 verbose request uri https://registry.npmjs.org/fsevents
135 verbose request no auth needed
136 info attempt registry request try #1 at 16:53:51
137 verbose etag W/"ec8d4eb97c775f79ec6d0bc1c3ba6d4f"
138 verbose lastModified Thu, 16 May 2019 13:28:59 GMT
139 http request GET https://registry.npmjs.org/fsevents
140 http 304 https://registry.npmjs.org/fsevents
141 verbose headers { date: 'Mon, 27 May 2019 14:53:51 GMT',
141 verbose headers   connection: 'keep-alive',
141 verbose headers   'set-cookie':
141 verbose headers    [ '__cfduid=de9410612714c2d96f181e9e60f5081611558968831; expires=Tue, 26-May-20 14:53:51 GMT; path=/; domain=.registry.npmjs.org; HttpOnly' ],
141 verbose headers   'cf-cache-status': 'HIT',
141 verbose headers   'cache-control': 'max-age=300',
141 verbose headers   'cf-ray': '4dd8d21a0da3d67d-MAD',
141 verbose headers   etag: '"ec8d4eb97c775f79ec6d0bc1c3ba6d4f"',
141 verbose headers   'expect-ct': 'max-age=604800, report-uri="https://report-uri.cloudflare.com/cdn-cgi/beacon/expect-ct"',
141 verbose headers   'last-modified': 'Thu, 16 May 2019 13:28:59 GMT',
141 verbose headers   vary: 'accept-encoding, accept',
141 verbose headers   'x-amz-meta-rev': '163-88b33b9d24ebf2da96a4e2240471bf23',
141 verbose headers   server: 'cloudflare' }
142 silly get cb [ 304,
142 silly get   { date: 'Mon, 27 May 2019 14:53:51 GMT',
142 silly get     connection: 'keep-alive',
142 silly get     'set-cookie':
142 silly get      [ '__cfduid=de9410612714c2d96f181e9e60f5081611558968831; expires=Tue, 26-May-20 14:53:51 GMT; path=/; domain=.registry.npmjs.org; HttpOnly' ],
142 silly get     'cf-cache-status': 'HIT',
142 silly get     'cache-control': 'max-age=300',
142 silly get     'cf-ray': '4dd8d21a0da3d67d-MAD',
142 silly get     etag: '"ec8d4eb97c775f79ec6d0bc1c3ba6d4f"',
142 silly get     'expect-ct': 'max-age=604800, report-uri="https://report-uri.cloudflare.com/cdn-cgi/beacon/expect-ct"',
142 silly get     'last-modified': 'Thu, 16 May 2019 13:28:59 GMT',
142 silly get     vary: 'accept-encoding, accept',
142 silly get     'x-amz-meta-rev': '163-88b33b9d24ebf2da96a4e2240471bf23',
142 silly get     server: 'cloudflare' } ]
143 verbose etag https://registry.npmjs.org/fsevents from cache
144 verbose get saving fsevents to /home/felipe/.npm/registry.npmjs.org/fsevents/.cache.json
145 silly resolveWithNewModule fsevents@1.2.9 checking installable status
146 silly loadAllDepsIntoIdealTree Finishing
147 silly idealTree:prePrune chat@1.0.0
147 silly idealTree:prePrune ├── abbrev@1.1.1
147 silly idealTree:prePrune ├── accepts@1.3.7
147 silly idealTree:prePrune ├── after@0.8.2
147 silly idealTree:prePrune ├── ansi-align@2.0.0
147 silly idealTree:prePrune ├── ansi-regex@3.0.0
147 silly idealTree:prePrune ├── ansi-styles@3.2.1
147 silly idealTree:prePrune ├─┬ anymatch@2.0.0
147 silly idealTree:prePrune │ └── normalize-path@2.1.1
147 silly idealTree:prePrune ├── arr-diff@4.0.0
147 silly idealTree:prePrune ├── arr-flatten@1.1.0
147 silly idealTree:prePrune ├── arr-union@3.1.0
147 silly idealTree:prePrune ├── array-flatten@1.1.1
147 silly idealTree:prePrune ├── array-unique@0.3.2
147 silly idealTree:prePrune ├── arraybuffer.slice@0.0.7
147 silly idealTree:prePrune ├── assign-symbols@1.0.0
147 silly idealTree:prePrune ├── async-each@1.0.3
147 silly idealTree:prePrune ├── async-limiter@1.0.0
147 silly idealTree:prePrune ├── atob@2.1.2
147 silly idealTree:prePrune ├── backo2@1.0.2
147 silly idealTree:prePrune ├── balanced-match@1.0.0
147 silly idealTree:prePrune ├─┬ base@0.11.2
147 silly idealTree:prePrune │ ├── define-property@1.0.0
147 silly idealTree:prePrune │ ├── is-accessor-descriptor@1.0.0
147 silly idealTree:prePrune │ ├── is-data-descriptor@1.0.0
147 silly idealTree:prePrune │ └── is-descriptor@1.0.2
147 silly idealTree:prePrune ├── base64-arraybuffer@0.1.5
147 silly idealTree:prePrune ├── base64id@1.0.0
147 silly idealTree:prePrune ├── better-assert@1.0.2
147 silly idealTree:prePrune ├── binary-extensions@1.13.1
147 silly idealTree:prePrune ├── blob@0.0.5
147 silly idealTree:prePrune ├── body-parser@1.19.0
147 silly idealTree:prePrune ├── boxen@1.3.0
147 silly idealTree:prePrune ├── brace-expansion@1.1.11
147 silly idealTree:prePrune ├─┬ braces@2.3.2
147 silly idealTree:prePrune │ └── extend-shallow@2.0.1
147 silly idealTree:prePrune ├── bytes@3.1.0
147 silly idealTree:prePrune ├── cache-base@1.0.1
147 silly idealTree:prePrune ├── callsite@1.0.0
147 silly idealTree:prePrune ├── camelcase@4.1.0
147 silly idealTree:prePrune ├── capture-stack-trace@1.0.1
147 silly idealTree:prePrune ├── chalk@2.4.2
147 silly idealTree:prePrune ├── chokidar@2.1.6
147 silly idealTree:prePrune ├── ci-info@1.6.0
147 silly idealTree:prePrune ├─┬ class-utils@0.3.6
147 silly idealTree:prePrune │ └── define-property@0.2.5
147 silly idealTree:prePrune ├── cli-boxes@1.0.0
147 silly idealTree:prePrune ├── collection-visit@1.0.0
147 silly idealTree:prePrune ├── color-convert@1.9.3
147 silly idealTree:prePrune ├── color-name@1.1.3
147 silly idealTree:prePrune ├── component-bind@1.0.0
147 silly idealTree:prePrune ├── component-emitter@1.2.1
147 silly idealTree:prePrune ├── component-inherit@0.0.3
147 silly idealTree:prePrune ├── concat-map@0.0.1
147 silly idealTree:prePrune ├── configstore@3.1.2
147 silly idealTree:prePrune ├── content-disposition@0.5.3
147 silly idealTree:prePrune ├── content-type@1.0.4
147 silly idealTree:prePrune ├── cookie-signature@1.0.6
147 silly idealTree:prePrune ├── cookie@0.4.0
147 silly idealTree:prePrune ├── copy-descriptor@0.1.1
147 silly idealTree:prePrune ├── core-util-is@1.0.2
147 silly idealTree:prePrune ├── create-error-class@3.0.2
147 silly idealTree:prePrune ├── cross-spawn@5.1.0
147 silly idealTree:prePrune ├── crypto-random-string@1.0.0
147 silly idealTree:prePrune ├── debug@2.6.9
147 silly idealTree:prePrune ├── decode-uri-component@0.2.0
147 silly idealTree:prePrune ├── deep-extend@0.6.0
147 silly idealTree:prePrune ├─┬ define-property@2.0.2
147 silly idealTree:prePrune │ ├── is-accessor-descriptor@1.0.0
147 silly idealTree:prePrune │ ├── is-data-descriptor@1.0.0
147 silly idealTree:prePrune │ └── is-descriptor@1.0.2
147 silly idealTree:prePrune ├── depd@1.1.2
147 silly idealTree:prePrune ├── destroy@1.0.4
147 silly idealTree:prePrune ├── dot-prop@4.2.0
147 silly idealTree:prePrune ├── duplexer3@0.1.4
147 silly idealTree:prePrune ├── ee-first@1.1.1
147 silly idealTree:prePrune ├── encodeurl@1.0.2
147 silly idealTree:prePrune ├─┬ engine.io-client@3.3.2
147 silly idealTree:prePrune │ └── debug@3.1.0
147 silly idealTree:prePrune ├── engine.io-parser@2.1.3
147 silly idealTree:prePrune ├─┬ engine.io@3.3.2
147 silly idealTree:prePrune │ ├── cookie@0.3.1
147 silly idealTree:prePrune │ └── debug@3.1.0
147 silly idealTree:prePrune ├── escape-html@1.0.3
147 silly idealTree:prePrune ├── escape-string-regexp@1.0.5
147 silly idealTree:prePrune ├── etag@1.8.1
147 silly idealTree:prePrune ├── execa@0.7.0
147 silly idealTree:prePrune ├─┬ expand-brackets@2.1.4
147 silly idealTree:prePrune │ ├── define-property@0.2.5
147 silly idealTree:prePrune │ └── extend-shallow@2.0.1
147 silly idealTree:prePrune ├── express@4.17.1
147 silly idealTree:prePrune ├─┬ extend-shallow@3.0.2
147 silly idealTree:prePrune │ └── is-extendable@1.0.1
147 silly idealTree:prePrune ├─┬ extglob@2.0.4
147 silly idealTree:prePrune │ ├── define-property@1.0.0
147 silly idealTree:prePrune │ ├── extend-shallow@2.0.1
147 silly idealTree:prePrune │ ├── is-accessor-descriptor@1.0.0
147 silly idealTree:prePrune │ ├── is-data-descriptor@1.0.0
147 silly idealTree:prePrune │ └── is-descriptor@1.0.2
147 silly idealTree:prePrune ├─┬ fill-range@4.0.0
147 silly idealTree:prePrune │ └── extend-shallow@2.0.1
147 silly idealTree:prePrune ├── finalhandler@1.1.2
147 silly idealTree:prePrune ├── for-in@1.0.2
147 silly idealTree:prePrune ├── forwarded@0.1.2
147 silly idealTree:prePrune ├── fragment-cache@0.2.1
147 silly idealTree:prePrune ├── fresh@0.5.2
147 silly idealTree:prePrune ├── get-stream@3.0.0
147 silly idealTree:prePrune ├── get-value@2.0.6
147 silly idealTree:prePrune ├─┬ glob-parent@3.1.0
147 silly idealTree:prePrune │ └── is-glob@3.1.0
147 silly idealTree:prePrune ├── global-dirs@0.1.1
147 silly idealTree:prePrune ├── got@6.7.1
147 silly idealTree:prePrune ├── graceful-fs@4.1.15
147 silly idealTree:prePrune ├── has-binary2@1.0.3
147 silly idealTree:prePrune ├── has-cors@1.1.0
147 silly idealTree:prePrune ├── has-flag@3.0.0
147 silly idealTree:prePrune ├── has-value@1.0.0
147 silly idealTree:prePrune ├─┬ has-values@1.0.0
147 silly idealTree:prePrune │ └── kind-of@4.0.0
147 silly idealTree:prePrune ├── http-errors@1.7.2
147 silly idealTree:prePrune ├── iconv-lite@0.4.24
147 silly idealTree:prePrune ├── ignore-by-default@1.0.1
147 silly idealTree:prePrune ├── import-lazy@2.1.0
147 silly idealTree:prePrune ├── imurmurhash@0.1.4
147 silly idealTree:prePrune ├── indexof@0.0.1
147 silly idealTree:prePrune ├── inherits@2.0.3
147 silly idealTree:prePrune ├── ini@1.3.5
147 silly idealTree:prePrune ├── ipaddr.js@1.9.0
147 silly idealTree:prePrune ├─┬ is-accessor-descriptor@0.1.6
147 silly idealTree:prePrune │ └── kind-of@3.2.2
147 silly idealTree:prePrune ├── is-binary-path@1.0.1
147 silly idealTree:prePrune ├── is-buffer@1.1.6
147 silly idealTree:prePrune ├── is-ci@1.2.1
147 silly idealTree:prePrune ├─┬ is-data-descriptor@0.1.4
147 silly idealTree:prePrune │ └── kind-of@3.2.2
147 silly idealTree:prePrune ├─┬ is-descriptor@0.1.6
147 silly idealTree:prePrune │ └── kind-of@5.1.0
147 silly idealTree:prePrune ├── is-extendable@0.1.1
147 silly idealTree:prePrune ├── is-extglob@2.1.1
147 silly idealTree:prePrune ├── is-fullwidth-code-point@2.0.0
147 silly idealTree:prePrune ├── is-glob@4.0.1
147 silly idealTree:prePrune ├── is-installed-globally@0.1.0
147 silly idealTree:prePrune ├── is-npm@1.0.0
147 silly idealTree:prePrune ├─┬ is-number@3.0.0
147 silly idealTree:prePrune │ └── kind-of@3.2.2
147 silly idealTree:prePrune ├── is-obj@1.0.1
147 silly idealTree:prePrune ├── is-path-inside@1.0.1
147 silly idealTree:prePrune ├── is-plain-object@2.0.4
147 silly idealTree:prePrune ├── is-redirect@1.0.0
147 silly idealTree:prePrune ├── is-retry-allowed@1.1.0
147 silly idealTree:prePrune ├── is-stream@1.1.0
147 silly idealTree:prePrune ├── is-windows@1.0.2
147 silly idealTree:prePrune ├── isarray@2.0.1
147 silly idealTree:prePrune ├── isexe@2.0.0
147 silly idealTree:prePrune ├── isobject@3.0.1
147 silly idealTree:prePrune ├── kind-of@6.0.2
147 silly idealTree:prePrune ├── latest-version@3.1.0
147 silly idealTree:prePrune ├── lowercase-keys@1.0.1
147 silly idealTree:prePrune ├── lru-cache@4.1.5
147 silly idealTree:prePrune ├── make-dir@1.3.0
147 silly idealTree:prePrune ├── map-cache@0.2.2
147 silly idealTree:prePrune ├── map-visit@1.0.0
147 silly idealTree:prePrune ├── media-typer@0.3.0
147 silly idealTree:prePrune ├── merge-descriptors@1.0.1
147 silly idealTree:prePrune ├── methods@1.1.2
147 silly idealTree:prePrune ├── micromatch@3.1.10
147 silly idealTree:prePrune ├── mime-db@1.40.0
147 silly idealTree:prePrune ├── mime-types@2.1.24
147 silly idealTree:prePrune ├── mime@1.6.0
147 silly idealTree:prePrune ├── minimatch@3.0.4
147 silly idealTree:prePrune ├── minimist@1.2.0
147 silly idealTree:prePrune ├─┬ mixin-deep@1.3.1
147 silly idealTree:prePrune │ └── is-extendable@1.0.1
147 silly idealTree:prePrune ├── ms@2.0.0
147 silly idealTree:prePrune ├── nanomatch@1.2.13
147 silly idealTree:prePrune ├── negotiator@0.6.2
147 silly idealTree:prePrune ├─┬ nodemon@1.19.1
147 silly idealTree:prePrune │ ├── debug@3.2.6
147 silly idealTree:prePrune │ └── ms@2.1.1
147 silly idealTree:prePrune ├── nopt@1.0.10
147 silly idealTree:prePrune ├── normalize-path@3.0.0
147 silly idealTree:prePrune ├── npm-run-path@2.0.2
147 silly idealTree:prePrune ├── object-component@0.0.3
147 silly idealTree:prePrune ├─┬ object-copy@0.1.0
147 silly idealTree:prePrune │ ├── define-property@0.2.5
147 silly idealTree:prePrune │ └── kind-of@3.2.2
147 silly idealTree:prePrune ├── object-visit@1.0.1
147 silly idealTree:prePrune ├── object.pick@1.3.0
147 silly idealTree:prePrune ├── on-finished@2.3.0
147 silly idealTree:prePrune ├── p-finally@1.0.0
147 silly idealTree:prePrune ├── package-json@4.0.1
147 silly idealTree:prePrune ├── parseqs@0.0.5
147 silly idealTree:prePrune ├── parseuri@0.0.5
147 silly idealTree:prePrune ├── parseurl@1.3.3
147 silly idealTree:prePrune ├── pascalcase@0.1.1
147 silly idealTree:prePrune ├── path-dirname@1.0.2
147 silly idealTree:prePrune ├── path-is-absolute@1.0.1
147 silly idealTree:prePrune ├── path-is-inside@1.0.2
147 silly idealTree:prePrune ├── path-key@2.0.1
147 silly idealTree:prePrune ├── path-to-regexp@0.1.7
147 silly idealTree:prePrune ├── pify@3.0.0
147 silly idealTree:prePrune ├── posix-character-classes@0.1.1
147 silly idealTree:prePrune ├── prepend-http@1.0.4
147 silly idealTree:prePrune ├── process-nextick-args@2.0.0
147 silly idealTree:prePrune ├── proxy-addr@2.0.5
147 silly idealTree:prePrune ├── pseudomap@1.0.2
147 silly idealTree:prePrune ├── pstree.remy@1.1.6
147 silly idealTree:prePrune ├── qs@6.7.0
147 silly idealTree:prePrune ├── range-parser@1.2.1
147 silly idealTree:prePrune ├── raw-body@2.4.0
147 silly idealTree:prePrune ├── rc@1.2.8
147 silly idealTree:prePrune ├─┬ readable-stream@2.3.6
147 silly idealTree:prePrune │ └── isarray@1.0.0
147 silly idealTree:prePrune ├── readdirp@2.2.1
147 silly idealTree:prePrune ├── regex-not@1.0.2
147 silly idealTree:prePrune ├── registry-auth-token@3.4.0
147 silly idealTree:prePrune ├── registry-url@3.1.0
147 silly idealTree:prePrune ├── remove-trailing-separator@1.1.0
147 silly idealTree:prePrune ├── repeat-element@1.1.3
147 silly idealTree:prePrune ├── repeat-string@1.6.1
147 silly idealTree:prePrune ├── resolve-url@0.2.1
147 silly idealTree:prePrune ├── ret@0.1.15
147 silly idealTree:prePrune ├── safe-buffer@5.1.2
147 silly idealTree:prePrune ├── safe-regex@1.1.0
147 silly idealTree:prePrune ├── safer-buffer@2.1.2
147 silly idealTree:prePrune ├── semver-diff@2.1.0
147 silly idealTree:prePrune ├── semver@5.7.0
147 silly idealTree:prePrune ├─┬ send@0.17.1
147 silly idealTree:prePrune │ └── ms@2.1.1
147 silly idealTree:prePrune ├── serve-static@1.14.1
147 silly idealTree:prePrune ├─┬ set-value@2.0.0
147 silly idealTree:prePrune │ └── extend-shallow@2.0.1
147 silly idealTree:prePrune ├── setprototypeof@1.1.1
147 silly idealTree:prePrune ├── shebang-command@1.2.0
147 silly idealTree:prePrune ├── shebang-regex@1.0.0
147 silly idealTree:prePrune ├── signal-exit@3.0.2
147 silly idealTree:prePrune ├─┬ snapdragon-node@2.1.1
147 silly idealTree:prePrune │ ├── define-property@1.0.0
147 silly idealTree:prePrune │ ├── is-accessor-descriptor@1.0.0
147 silly idealTree:prePrune │ ├── is-data-descriptor@1.0.0
147 silly idealTree:prePrune │ └── is-descriptor@1.0.2
147 silly idealTree:prePrune ├─┬ snapdragon-util@3.0.1
147 silly idealTree:prePrune │ └── kind-of@3.2.2
147 silly idealTree:prePrune ├─┬ snapdragon@0.8.2
147 silly idealTree:prePrune │ ├── define-property@0.2.5
147 silly idealTree:prePrune │ └── extend-shallow@2.0.1
147 silly idealTree:prePrune ├── socket.io-adapter@1.1.1
147 silly idealTree:prePrune ├─┬ socket.io-client@2.2.0
147 silly idealTree:prePrune │ └── debug@3.1.0
147 silly idealTree:prePrune ├─┬ socket.io-parser@3.3.0
147 silly idealTree:prePrune │ └── debug@3.1.0
147 silly idealTree:prePrune ├─┬ socket.io@2.2.0
147 silly idealTree:prePrune │ ├── debug@4.1.1
147 silly idealTree:prePrune │ └── ms@2.1.1
147 silly idealTree:prePrune ├── source-map-resolve@0.5.2
147 silly idealTree:prePrune ├── source-map-url@0.4.0
147 silly idealTree:prePrune ├── source-map@0.5.7
147 silly idealTree:prePrune ├── split-string@3.1.0
147 silly idealTree:prePrune ├─┬ static-extend@0.1.2
147 silly idealTree:prePrune │ └── define-property@0.2.5
147 silly idealTree:prePrune ├── statuses@1.5.0
147 silly idealTree:prePrune ├── string_decoder@1.1.1
147 silly idealTree:prePrune ├── string-width@2.1.1
147 silly idealTree:prePrune ├── strip-ansi@4.0.0
147 silly idealTree:prePrune ├── strip-eof@1.0.0
147 silly idealTree:prePrune ├── strip-json-comments@2.0.1
147 silly idealTree:prePrune ├── supports-color@5.5.0
147 silly idealTree:prePrune ├── term-size@1.2.0
147 silly idealTree:prePrune ├── timed-out@4.0.1
147 silly idealTree:prePrune ├── to-array@0.1.4
147 silly idealTree:prePrune ├─┬ to-object-path@0.3.0
147 silly idealTree:prePrune │ └── kind-of@3.2.2
147 silly idealTree:prePrune ├── to-regex-range@2.1.1
147 silly idealTree:prePrune ├── to-regex@3.0.2
147 silly idealTree:prePrune ├── toidentifier@1.0.0
147 silly idealTree:prePrune ├── touch@3.1.0
147 silly idealTree:prePrune ├── type-is@1.6.18
147 silly idealTree:prePrune ├── undefsafe@2.0.2
147 silly idealTree:prePrune ├─┬ union-value@1.0.0
147 silly idealTree:prePrune │ ├── extend-shallow@2.0.1
147 silly idealTree:prePrune │ └── set-value@0.4.3
147 silly idealTree:prePrune ├── unique-string@1.0.0
147 silly idealTree:prePrune ├── unpipe@1.0.0
147 silly idealTree:prePrune ├─┬ unset-value@1.0.0
147 silly idealTree:prePrune │ ├─┬ has-value@0.3.1
147 silly idealTree:prePrune │ │ └── isobject@2.1.0
147 silly idealTree:prePrune │ ├── has-values@0.1.4
147 silly idealTree:prePrune │ └── isarray@1.0.0
147 silly idealTree:prePrune ├── unzip-response@2.0.1
147 silly idealTree:prePrune ├── upath@1.1.2
147 silly idealTree:prePrune ├── update-notifier@2.5.0
147 silly idealTree:prePrune ├── urix@0.1.0
147 silly idealTree:prePrune ├── url-parse-lax@1.0.0
147 silly idealTree:prePrune ├── use@3.1.1
147 silly idealTree:prePrune ├── util-deprecate@1.0.2
147 silly idealTree:prePrune ├── utils-merge@1.0.1
147 silly idealTree:prePrune ├── vary@1.1.2
147 silly idealTree:prePrune ├── which@1.3.1
147 silly idealTree:prePrune ├── widest-line@2.0.1
147 silly idealTree:prePrune ├── write-file-atomic@2.4.3
147 silly idealTree:prePrune ├── ws@6.1.4
147 silly idealTree:prePrune ├── xdg-basedir@3.0.0
147 silly idealTree:prePrune ├── xmlhttprequest-ssl@1.5.5
147 silly idealTree:prePrune ├── yallist@2.1.2
147 silly idealTree:prePrune └── yeast@0.1.2
148 silly loadIdealTree Finishing
149 silly currentTree chat@1.0.0
149 silly currentTree ├── abbrev@1.1.1
149 silly currentTree ├── accepts@1.3.7
149 silly currentTree ├── after@0.8.2
149 silly currentTree ├── ansi-align@2.0.0
149 silly currentTree ├── ansi-regex@3.0.0
149 silly currentTree ├── ansi-styles@3.2.1
149 silly currentTree ├─┬ anymatch@2.0.0
149 silly currentTree │ └── normalize-path@2.1.1
149 silly currentTree ├── arr-diff@4.0.0
149 silly currentTree ├── arr-flatten@1.1.0
149 silly currentTree ├── arr-union@3.1.0
149 silly currentTree ├── array-flatten@1.1.1
149 silly currentTree ├── array-unique@0.3.2
149 silly currentTree ├── arraybuffer.slice@0.0.7
149 silly currentTree ├── assign-symbols@1.0.0
149 silly currentTree ├── async-each@1.0.3
149 silly currentTree ├── async-limiter@1.0.0
149 silly currentTree ├── atob@2.1.2
149 silly currentTree ├── backo2@1.0.2
149 silly currentTree ├── balanced-match@1.0.0
149 silly currentTree ├─┬ base@0.11.2
149 silly currentTree │ ├── define-property@1.0.0
149 silly currentTree │ ├── is-accessor-descriptor@1.0.0
149 silly currentTree │ ├── is-data-descriptor@1.0.0
149 silly currentTree │ └── is-descriptor@1.0.2
149 silly currentTree ├── base64-arraybuffer@0.1.5
149 silly currentTree ├── base64id@1.0.0
149 silly currentTree ├── better-assert@1.0.2
149 silly currentTree ├── binary-extensions@1.13.1
149 silly currentTree ├── blob@0.0.5
149 silly currentTree ├── body-parser@1.19.0
149 silly currentTree ├── boxen@1.3.0
149 silly currentTree ├── brace-expansion@1.1.11
149 silly currentTree ├─┬ braces@2.3.2
149 silly currentTree │ └── extend-shallow@2.0.1
149 silly currentTree ├── bytes@3.1.0
149 silly currentTree ├── cache-base@1.0.1
149 silly currentTree ├── callsite@1.0.0
149 silly currentTree ├── camelcase@4.1.0
149 silly currentTree ├── capture-stack-trace@1.0.1
149 silly currentTree ├── chalk@2.4.2
149 silly currentTree ├── chokidar@2.1.6
149 silly currentTree ├── ci-info@1.6.0
149 silly currentTree ├─┬ class-utils@0.3.6
149 silly currentTree │ └── define-property@0.2.5
149 silly currentTree ├── cli-boxes@1.0.0
149 silly currentTree ├── collection-visit@1.0.0
149 silly currentTree ├── color-convert@1.9.3
149 silly currentTree ├── color-name@1.1.3
149 silly currentTree ├── component-bind@1.0.0
149 silly currentTree ├── component-emitter@1.2.1
149 silly currentTree ├── component-inherit@0.0.3
149 silly currentTree ├── concat-map@0.0.1
149 silly currentTree ├── configstore@3.1.2
149 silly currentTree ├── content-disposition@0.5.3
149 silly currentTree ├── content-type@1.0.4
149 silly currentTree ├── cookie-signature@1.0.6
149 silly currentTree ├── cookie@0.4.0
149 silly currentTree ├── copy-descriptor@0.1.1
149 silly currentTree ├── core-util-is@1.0.2
149 silly currentTree ├── create-error-class@3.0.2
149 silly currentTree ├── cross-spawn@5.1.0
149 silly currentTree ├── crypto-random-string@1.0.0
149 silly currentTree ├── debug@2.6.9
149 silly currentTree ├── decode-uri-component@0.2.0
149 silly currentTree ├── deep-extend@0.6.0
149 silly currentTree ├─┬ define-property@2.0.2
149 silly currentTree │ ├── is-accessor-descriptor@1.0.0
149 silly currentTree │ ├── is-data-descriptor@1.0.0
149 silly currentTree │ └── is-descriptor@1.0.2
149 silly currentTree ├── depd@1.1.2
149 silly currentTree ├── destroy@1.0.4
149 silly currentTree ├── dot-prop@4.2.0
149 silly currentTree ├── duplexer3@0.1.4
149 silly currentTree ├── ee-first@1.1.1
149 silly currentTree ├── encodeurl@1.0.2
149 silly currentTree ├─┬ engine.io-client@3.3.2
149 silly currentTree │ └── debug@3.1.0
149 silly currentTree ├── engine.io-parser@2.1.3
149 silly currentTree ├─┬ engine.io@3.3.2
149 silly currentTree │ ├── cookie@0.3.1
149 silly currentTree │ └── debug@3.1.0
149 silly currentTree ├── escape-html@1.0.3
149 silly currentTree ├── escape-string-regexp@1.0.5
149 silly currentTree ├── etag@1.8.1
149 silly currentTree ├── execa@0.7.0
149 silly currentTree ├─┬ expand-brackets@2.1.4
149 silly currentTree │ ├── define-property@0.2.5
149 silly currentTree │ └── extend-shallow@2.0.1
149 silly currentTree ├── express@4.17.1
149 silly currentTree ├─┬ extend-shallow@3.0.2
149 silly currentTree │ └── is-extendable@1.0.1
149 silly currentTree ├─┬ extglob@2.0.4
149 silly currentTree │ ├── define-property@1.0.0
149 silly currentTree │ ├── extend-shallow@2.0.1
149 silly currentTree │ ├── is-accessor-descriptor@1.0.0
149 silly currentTree │ ├── is-data-descriptor@1.0.0
149 silly currentTree │ └── is-descriptor@1.0.2
149 silly currentTree ├─┬ fill-range@4.0.0
149 silly currentTree │ └── extend-shallow@2.0.1
149 silly currentTree ├── finalhandler@1.1.2
149 silly currentTree ├── for-in@1.0.2
149 silly currentTree ├── forwarded@0.1.2
149 silly currentTree ├── fragment-cache@0.2.1
149 silly currentTree ├── fresh@0.5.2
149 silly currentTree ├── get-stream@3.0.0
149 silly currentTree ├── get-value@2.0.6
149 silly currentTree ├─┬ glob-parent@3.1.0
149 silly currentTree │ └── is-glob@3.1.0
149 silly currentTree ├── global-dirs@0.1.1
149 silly currentTree ├── got@6.7.1
149 silly currentTree ├── graceful-fs@4.1.15
149 silly currentTree ├── has-binary2@1.0.3
149 silly currentTree ├── has-cors@1.1.0
149 silly currentTree ├── has-flag@3.0.0
149 silly currentTree ├── has-value@1.0.0
149 silly currentTree ├─┬ has-values@1.0.0
149 silly currentTree │ └── kind-of@4.0.0
149 silly currentTree ├── http-errors@1.7.2
149 silly currentTree ├── iconv-lite@0.4.24
149 silly currentTree ├── ignore-by-default@1.0.1
149 silly currentTree ├── import-lazy@2.1.0
149 silly currentTree ├── imurmurhash@0.1.4
149 silly currentTree ├── indexof@0.0.1
149 silly currentTree ├── inherits@2.0.3
149 silly currentTree ├── ini@1.3.5
149 silly currentTree ├── ipaddr.js@1.9.0
149 silly currentTree ├─┬ is-accessor-descriptor@0.1.6
149 silly currentTree │ └── kind-of@3.2.2
149 silly currentTree ├── is-binary-path@1.0.1
149 silly currentTree ├── is-buffer@1.1.6
149 silly currentTree ├── is-ci@1.2.1
149 silly currentTree ├─┬ is-data-descriptor@0.1.4
149 silly currentTree │ └── kind-of@3.2.2
149 silly currentTree ├─┬ is-descriptor@0.1.6
149 silly currentTree │ └── kind-of@5.1.0
149 silly currentTree ├── is-extendable@0.1.1
149 silly currentTree ├── is-extglob@2.1.1
149 silly currentTree ├── is-fullwidth-code-point@2.0.0
149 silly currentTree ├── is-glob@4.0.1
149 silly currentTree ├── is-installed-globally@0.1.0
149 silly currentTree ├── is-npm@1.0.0
149 silly currentTree ├─┬ is-number@3.0.0
149 silly currentTree │ └── kind-of@3.2.2
149 silly currentTree ├── is-obj@1.0.1
149 silly currentTree ├── is-path-inside@1.0.1
149 silly currentTree ├── is-plain-object@2.0.4
149 silly currentTree ├── is-redirect@1.0.0
149 silly currentTree ├── is-retry-allowed@1.1.0
149 silly currentTree ├── is-stream@1.1.0
149 silly currentTree ├── is-windows@1.0.2
149 silly currentTree ├── isarray@2.0.1
149 silly currentTree ├── isexe@2.0.0
149 silly currentTree ├── isobject@3.0.1
149 silly currentTree ├── kind-of@6.0.2
149 silly currentTree ├── latest-version@3.1.0
149 silly currentTree ├── lowercase-keys@1.0.1
149 silly currentTree ├── lru-cache@4.1.5
149 silly currentTree ├── make-dir@1.3.0
149 silly currentTree ├── map-cache@0.2.2
149 silly currentTree ├── map-visit@1.0.0
149 silly currentTree ├── media-typer@0.3.0
149 silly currentTree ├── merge-descriptors@1.0.1
149 silly currentTree ├── methods@1.1.2
149 silly currentTree ├── micromatch@3.1.10
149 silly currentTree ├── mime-db@1.40.0
149 silly currentTree ├── mime-types@2.1.24
149 silly currentTree ├── mime@1.6.0
149 silly currentTree ├── minimatch@3.0.4
149 silly currentTree ├── minimist@1.2.0
149 silly currentTree ├─┬ mixin-deep@1.3.1
149 silly currentTree │ └── is-extendable@1.0.1
149 silly currentTree ├── ms@2.0.0
149 silly currentTree ├── nanomatch@1.2.13
149 silly currentTree ├── negotiator@0.6.2
149 silly currentTree ├─┬ nodemon@1.19.1
149 silly currentTree │ ├── debug@3.2.6
149 silly currentTree │ └── ms@2.1.1
149 silly currentTree ├── nopt@1.0.10
149 silly currentTree ├── normalize-path@3.0.0
149 silly currentTree ├── npm-run-path@2.0.2
149 silly currentTree ├── object-component@0.0.3
149 silly currentTree ├─┬ object-copy@0.1.0
149 silly currentTree │ ├── define-property@0.2.5
149 silly currentTree │ └── kind-of@3.2.2
149 silly currentTree ├── object-visit@1.0.1
149 silly currentTree ├── object.pick@1.3.0
149 silly currentTree ├── on-finished@2.3.0
149 silly currentTree ├── p-finally@1.0.0
149 silly currentTree ├── package-json@4.0.1
149 silly currentTree ├── parseqs@0.0.5
149 silly currentTree ├── parseuri@0.0.5
149 silly currentTree ├── parseurl@1.3.3
149 silly currentTree ├── pascalcase@0.1.1
149 silly currentTree ├── path-dirname@1.0.2
149 silly currentTree ├── path-is-absolute@1.0.1
149 silly currentTree ├── path-is-inside@1.0.2
149 silly currentTree ├── path-key@2.0.1
149 silly currentTree ├── path-to-regexp@0.1.7
149 silly currentTree ├── pify@3.0.0
149 silly currentTree ├── posix-character-classes@0.1.1
149 silly currentTree ├── prepend-http@1.0.4
149 silly currentTree ├── process-nextick-args@2.0.0
149 silly currentTree ├── proxy-addr@2.0.5
149 silly currentTree ├── pseudomap@1.0.2
149 silly currentTree ├── pstree.remy@1.1.6
149 silly currentTree ├── qs@6.7.0
149 silly currentTree ├── range-parser@1.2.1
149 silly currentTree ├── raw-body@2.4.0
149 silly currentTree ├── rc@1.2.8
149 silly currentTree ├─┬ readable-stream@2.3.6
149 silly currentTree │ └── isarray@1.0.0
149 silly currentTree ├── readdirp@2.2.1
149 silly currentTree ├── regex-not@1.0.2
149 silly currentTree ├── registry-auth-token@3.4.0
149 silly currentTree ├── registry-url@3.1.0
149 silly currentTree ├── remove-trailing-separator@1.1.0
149 silly currentTree ├── repeat-element@1.1.3
149 silly currentTree ├── repeat-string@1.6.1
149 silly currentTree ├── resolve-url@0.2.1
149 silly currentTree ├── ret@0.1.15
149 silly currentTree ├── safe-buffer@5.1.2
149 silly currentTree ├── safe-regex@1.1.0
149 silly currentTree ├── safer-buffer@2.1.2
149 silly currentTree ├── semver-diff@2.1.0
149 silly currentTree ├── semver@5.7.0
149 silly currentTree ├─┬ send@0.17.1
149 silly currentTree │ └── ms@2.1.1
149 silly currentTree ├── serve-static@1.14.1
149 silly currentTree ├─┬ set-value@2.0.0
149 silly currentTree │ └── extend-shallow@2.0.1
149 silly currentTree ├── setprototypeof@1.1.1
149 silly currentTree ├── shebang-command@1.2.0
149 silly currentTree ├── shebang-regex@1.0.0
149 silly currentTree ├── signal-exit@3.0.2
149 silly currentTree ├─┬ snapdragon-node@2.1.1
149 silly currentTree │ ├── define-property@1.0.0
149 silly currentTree │ ├── is-accessor-descriptor@1.0.0
149 silly currentTree │ ├── is-data-descriptor@1.0.0
149 silly currentTree │ └── is-descriptor@1.0.2
149 silly currentTree ├─┬ snapdragon-util@3.0.1
149 silly currentTree │ └── kind-of@3.2.2
149 silly currentTree ├─┬ snapdragon@0.8.2
149 silly currentTree │ ├── define-property@0.2.5
149 silly currentTree │ └── extend-shallow@2.0.1
149 silly currentTree ├── socket.io-adapter@1.1.1
149 silly currentTree ├─┬ socket.io-client@2.2.0
149 silly currentTree │ └── debug@3.1.0
149 silly currentTree ├─┬ socket.io-parser@3.3.0
149 silly currentTree │ └── debug@3.1.0
149 silly currentTree ├── source-map-resolve@0.5.2
149 silly currentTree ├── source-map-url@0.4.0
149 silly currentTree ├── source-map@0.5.7
149 silly currentTree ├── split-string@3.1.0
149 silly currentTree ├─┬ static-extend@0.1.2
149 silly currentTree │ └── define-property@0.2.5
149 silly currentTree ├── statuses@1.5.0
149 silly currentTree ├── string_decoder@1.1.1
149 silly currentTree ├── string-width@2.1.1
149 silly currentTree ├── strip-ansi@4.0.0
149 silly currentTree ├── strip-eof@1.0.0
149 silly currentTree ├── strip-json-comments@2.0.1
149 silly currentTree ├── supports-color@5.5.0
149 silly currentTree ├── term-size@1.2.0
149 silly currentTree ├── timed-out@4.0.1
149 silly currentTree ├── to-array@0.1.4
149 silly currentTree ├─┬ to-object-path@0.3.0
149 silly currentTree │ └── kind-of@3.2.2
149 silly currentTree ├── to-regex-range@2.1.1
149 silly currentTree ├── to-regex@3.0.2
149 silly currentTree ├── toidentifier@1.0.0
149 silly currentTree ├── touch@3.1.0
149 silly currentTree ├── type-is@1.6.18
149 silly currentTree ├── undefsafe@2.0.2
149 silly currentTree ├─┬ union-value@1.0.0
149 silly currentTree │ ├── extend-shallow@2.0.1
149 silly currentTree │ └── set-value@0.4.3
149 silly currentTree ├── unique-string@1.0.0
149 silly currentTree ├── unpipe@1.0.0
149 silly currentTree ├─┬ unset-value@1.0.0
149 silly currentTree │ ├─┬ has-value@0.3.1
149 silly currentTree │ │ └── isobject@2.1.0
149 silly currentTree │ ├── has-values@0.1.4
149 silly currentTree │ └── isarray@1.0.0
149 silly currentTree ├── unzip-response@2.0.1
149 silly currentTree ├── upath@1.1.2
149 silly currentTree ├── update-notifier@2.5.0
149 silly currentTree ├── urix@0.1.0
149 silly currentTree ├── url-parse-lax@1.0.0
149 silly currentTree ├── use@3.1.1
149 silly currentTree ├── util-deprecate@1.0.2
149 silly currentTree ├── utils-merge@1.0.1
149 silly currentTree ├── vary@1.1.2
149 silly currentTree ├── which@1.3.1
149 silly currentTree ├── widest-line@2.0.1
149 silly currentTree ├── write-file-atomic@2.4.3
149 silly currentTree ├── ws@6.1.4
149 silly currentTree ├── xdg-basedir@3.0.0
149 silly currentTree ├── xmlhttprequest-ssl@1.5.5
149 silly currentTree ├── yallist@2.1.2
149 silly currentTree └── yeast@0.1.2
150 silly idealTree chat@1.0.0
150 silly idealTree ├── abbrev@1.1.1
150 silly idealTree ├── accepts@1.3.7
150 silly idealTree ├── after@0.8.2
150 silly idealTree ├── ansi-align@2.0.0
150 silly idealTree ├── ansi-regex@3.0.0
150 silly idealTree ├── ansi-styles@3.2.1
150 silly idealTree ├─┬ anymatch@2.0.0
150 silly idealTree │ └── normalize-path@2.1.1
150 silly idealTree ├── arr-diff@4.0.0
150 silly idealTree ├── arr-flatten@1.1.0
150 silly idealTree ├── arr-union@3.1.0
150 silly idealTree ├── array-flatten@1.1.1
150 silly idealTree ├── array-unique@0.3.2
150 silly idealTree ├── arraybuffer.slice@0.0.7
150 silly idealTree ├── assign-symbols@1.0.0
150 silly idealTree ├── async-each@1.0.3
150 silly idealTree ├── async-limiter@1.0.0
150 silly idealTree ├── atob@2.1.2
150 silly idealTree ├── backo2@1.0.2
150 silly idealTree ├── balanced-match@1.0.0
150 silly idealTree ├─┬ base@0.11.2
150 silly idealTree │ ├── define-property@1.0.0
150 silly idealTree │ ├── is-accessor-descriptor@1.0.0
150 silly idealTree │ ├── is-data-descriptor@1.0.0
150 silly idealTree │ └── is-descriptor@1.0.2
150 silly idealTree ├── base64-arraybuffer@0.1.5
150 silly idealTree ├── base64id@1.0.0
150 silly idealTree ├── better-assert@1.0.2
150 silly idealTree ├── binary-extensions@1.13.1
150 silly idealTree ├── blob@0.0.5
150 silly idealTree ├── body-parser@1.19.0
150 silly idealTree ├── boxen@1.3.0
150 silly idealTree ├── brace-expansion@1.1.11
150 silly idealTree ├─┬ braces@2.3.2
150 silly idealTree │ └── extend-shallow@2.0.1
150 silly idealTree ├── bytes@3.1.0
150 silly idealTree ├── cache-base@1.0.1
150 silly idealTree ├── callsite@1.0.0
150 silly idealTree ├── camelcase@4.1.0
150 silly idealTree ├── capture-stack-trace@1.0.1
150 silly idealTree ├── chalk@2.4.2
150 silly idealTree ├── chokidar@2.1.6
150 silly idealTree ├── ci-info@1.6.0
150 silly idealTree ├─┬ class-utils@0.3.6
150 silly idealTree │ └── define-property@0.2.5
150 silly idealTree ├── cli-boxes@1.0.0
150 silly idealTree ├── collection-visit@1.0.0
150 silly idealTree ├── color-convert@1.9.3
150 silly idealTree ├── color-name@1.1.3
150 silly idealTree ├── component-bind@1.0.0
150 silly idealTree ├── component-emitter@1.2.1
150 silly idealTree ├── component-inherit@0.0.3
150 silly idealTree ├── concat-map@0.0.1
150 silly idealTree ├── configstore@3.1.2
150 silly idealTree ├── content-disposition@0.5.3
150 silly idealTree ├── content-type@1.0.4
150 silly idealTree ├── cookie-signature@1.0.6
150 silly idealTree ├── cookie@0.4.0
150 silly idealTree ├── copy-descriptor@0.1.1
150 silly idealTree ├── core-util-is@1.0.2
150 silly idealTree ├── create-error-class@3.0.2
150 silly idealTree ├── cross-spawn@5.1.0
150 silly idealTree ├── crypto-random-string@1.0.0
150 silly idealTree ├── debug@2.6.9
150 silly idealTree ├── decode-uri-component@0.2.0
150 silly idealTree ├── deep-extend@0.6.0
150 silly idealTree ├─┬ define-property@2.0.2
150 silly idealTree │ ├── is-accessor-descriptor@1.0.0
150 silly idealTree │ ├── is-data-descriptor@1.0.0
150 silly idealTree │ └── is-descriptor@1.0.2
150 silly idealTree ├── depd@1.1.2
150 silly idealTree ├── destroy@1.0.4
150 silly idealTree ├── dot-prop@4.2.0
150 silly idealTree ├── duplexer3@0.1.4
150 silly idealTree ├── ee-first@1.1.1
150 silly idealTree ├── encodeurl@1.0.2
150 silly idealTree ├─┬ engine.io-client@3.3.2
150 silly idealTree │ └── debug@3.1.0
150 silly idealTree ├── engine.io-parser@2.1.3
150 silly idealTree ├─┬ engine.io@3.3.2
150 silly idealTree │ ├── cookie@0.3.1
150 silly idealTree │ └── debug@3.1.0
150 silly idealTree ├── escape-html@1.0.3
150 silly idealTree ├── escape-string-regexp@1.0.5
150 silly idealTree ├── etag@1.8.1
150 silly idealTree ├── execa@0.7.0
150 silly idealTree ├─┬ expand-brackets@2.1.4
150 silly idealTree │ ├── define-property@0.2.5
150 silly idealTree │ └── extend-shallow@2.0.1
150 silly idealTree ├── express@4.17.1
150 silly idealTree ├─┬ extend-shallow@3.0.2
150 silly idealTree │ └── is-extendable@1.0.1
150 silly idealTree ├─┬ extglob@2.0.4
150 silly idealTree │ ├── define-property@1.0.0
150 silly idealTree │ ├── extend-shallow@2.0.1
150 silly idealTree │ ├── is-accessor-descriptor@1.0.0
150 silly idealTree │ ├── is-data-descriptor@1.0.0
150 silly idealTree │ └── is-descriptor@1.0.2
150 silly idealTree ├─┬ fill-range@4.0.0
150 silly idealTree │ └── extend-shallow@2.0.1
150 silly idealTree ├── finalhandler@1.1.2
150 silly idealTree ├── for-in@1.0.2
150 silly idealTree ├── forwarded@0.1.2
150 silly idealTree ├── fragment-cache@0.2.1
150 silly idealTree ├── fresh@0.5.2
150 silly idealTree ├── get-stream@3.0.0
150 silly idealTree ├── get-value@2.0.6
150 silly idealTree ├─┬ glob-parent@3.1.0
150 silly idealTree │ └── is-glob@3.1.0
150 silly idealTree ├── global-dirs@0.1.1
150 silly idealTree ├── got@6.7.1
150 silly idealTree ├── graceful-fs@4.1.15
150 silly idealTree ├── has-binary2@1.0.3
150 silly idealTree ├── has-cors@1.1.0
150 silly idealTree ├── has-flag@3.0.0
150 silly idealTree ├── has-value@1.0.0
150 silly idealTree ├─┬ has-values@1.0.0
150 silly idealTree │ └── kind-of@4.0.0
150 silly idealTree ├── http-errors@1.7.2
150 silly idealTree ├── iconv-lite@0.4.24
150 silly idealTree ├── ignore-by-default@1.0.1
150 silly idealTree ├── import-lazy@2.1.0
150 silly idealTree ├── imurmurhash@0.1.4
150 silly idealTree ├── indexof@0.0.1
150 silly idealTree ├── inherits@2.0.3
150 silly idealTree ├── ini@1.3.5
150 silly idealTree ├── ipaddr.js@1.9.0
150 silly idealTree ├─┬ is-accessor-descriptor@0.1.6
150 silly idealTree │ └── kind-of@3.2.2
150 silly idealTree ├── is-binary-path@1.0.1
150 silly idealTree ├── is-buffer@1.1.6
150 silly idealTree ├── is-ci@1.2.1
150 silly idealTree ├─┬ is-data-descriptor@0.1.4
150 silly idealTree │ └── kind-of@3.2.2
150 silly idealTree ├─┬ is-descriptor@0.1.6
150 silly idealTree │ └── kind-of@5.1.0
150 silly idealTree ├── is-extendable@0.1.1
150 silly idealTree ├── is-extglob@2.1.1
150 silly idealTree ├── is-fullwidth-code-point@2.0.0
150 silly idealTree ├── is-glob@4.0.1
150 silly idealTree ├── is-installed-globally@0.1.0
150 silly idealTree ├── is-npm@1.0.0
150 silly idealTree ├─┬ is-number@3.0.0
150 silly idealTree │ └── kind-of@3.2.2
150 silly idealTree ├── is-obj@1.0.1
150 silly idealTree ├── is-path-inside@1.0.1
150 silly idealTree ├── is-plain-object@2.0.4
150 silly idealTree ├── is-redirect@1.0.0
150 silly idealTree ├── is-retry-allowed@1.1.0
150 silly idealTree ├── is-stream@1.1.0
150 silly idealTree ├── is-windows@1.0.2
150 silly idealTree ├── isarray@2.0.1
150 silly idealTree ├── isexe@2.0.0
150 silly idealTree ├── isobject@3.0.1
150 silly idealTree ├── kind-of@6.0.2
150 silly idealTree ├── latest-version@3.1.0
150 silly idealTree ├── lowercase-keys@1.0.1
150 silly idealTree ├── lru-cache@4.1.5
150 silly idealTree ├── make-dir@1.3.0
150 silly idealTree ├── map-cache@0.2.2
150 silly idealTree ├── map-visit@1.0.0
150 silly idealTree ├── media-typer@0.3.0
150 silly idealTree ├── merge-descriptors@1.0.1
150 silly idealTree ├── methods@1.1.2
150 silly idealTree ├── micromatch@3.1.10
150 silly idealTree ├── mime-db@1.40.0
150 silly idealTree ├── mime-types@2.1.24
150 silly idealTree ├── mime@1.6.0
150 silly idealTree ├── minimatch@3.0.4
150 silly idealTree ├── minimist@1.2.0
150 silly idealTree ├─┬ mixin-deep@1.3.1
150 silly idealTree │ └── is-extendable@1.0.1
150 silly idealTree ├── ms@2.0.0
150 silly idealTree ├── nanomatch@1.2.13
150 silly idealTree ├── negotiator@0.6.2
150 silly idealTree ├─┬ nodemon@1.19.1
150 silly idealTree │ ├── debug@3.2.6
150 silly idealTree │ └── ms@2.1.1
150 silly idealTree ├── nopt@1.0.10
150 silly idealTree ├── normalize-path@3.0.0
150 silly idealTree ├── npm-run-path@2.0.2
150 silly idealTree ├── object-component@0.0.3
150 silly idealTree ├─┬ object-copy@0.1.0
150 silly idealTree │ ├── define-property@0.2.5
150 silly idealTree │ └── kind-of@3.2.2
150 silly idealTree ├── object-visit@1.0.1
150 silly idealTree ├── object.pick@1.3.0
150 silly idealTree ├── on-finished@2.3.0
150 silly idealTree ├── p-finally@1.0.0
150 silly idealTree ├── package-json@4.0.1
150 silly idealTree ├── parseqs@0.0.5
150 silly idealTree ├── parseuri@0.0.5
150 silly idealTree ├── parseurl@1.3.3
150 silly idealTree ├── pascalcase@0.1.1
150 silly idealTree ├── path-dirname@1.0.2
150 silly idealTree ├── path-is-absolute@1.0.1
150 silly idealTree ├── path-is-inside@1.0.2
150 silly idealTree ├── path-key@2.0.1
150 silly idealTree ├── path-to-regexp@0.1.7
150 silly idealTree ├── pify@3.0.0
150 silly idealTree ├── posix-character-classes@0.1.1
150 silly idealTree ├── prepend-http@1.0.4
150 silly idealTree ├── process-nextick-args@2.0.0
150 silly idealTree ├── proxy-addr@2.0.5
150 silly idealTree ├── pseudomap@1.0.2
150 silly idealTree ├── pstree.remy@1.1.6
150 silly idealTree ├── qs@6.7.0
150 silly idealTree ├── range-parser@1.2.1
150 silly idealTree ├── raw-body@2.4.0
150 silly idealTree ├── rc@1.2.8
150 silly idealTree ├─┬ readable-stream@2.3.6
150 silly idealTree │ └── isarray@1.0.0
150 silly idealTree ├── readdirp@2.2.1
150 silly idealTree ├── regex-not@1.0.2
150 silly idealTree ├── registry-auth-token@3.4.0
150 silly idealTree ├── registry-url@3.1.0
150 silly idealTree ├── remove-trailing-separator@1.1.0
150 silly idealTree ├── repeat-element@1.1.3
150 silly idealTree ├── repeat-string@1.6.1
150 silly idealTree ├── resolve-url@0.2.1
150 silly idealTree ├── ret@0.1.15
150 silly idealTree ├── safe-buffer@5.1.2
150 silly idealTree ├── safe-regex@1.1.0
150 silly idealTree ├── safer-buffer@2.1.2
150 silly idealTree ├── semver-diff@2.1.0
150 silly idealTree ├── semver@5.7.0
150 silly idealTree ├─┬ send@0.17.1
150 silly idealTree │ └── ms@2.1.1
150 silly idealTree ├── serve-static@1.14.1
150 silly idealTree ├─┬ set-value@2.0.0
150 silly idealTree │ └── extend-shallow@2.0.1
150 silly idealTree ├── setprototypeof@1.1.1
150 silly idealTree ├── shebang-command@1.2.0
150 silly idealTree ├── shebang-regex@1.0.0
150 silly idealTree ├── signal-exit@3.0.2
150 silly idealTree ├─┬ snapdragon-node@2.1.1
150 silly idealTree │ ├── define-property@1.0.0
150 silly idealTree │ ├── is-accessor-descriptor@1.0.0
150 silly idealTree │ ├── is-data-descriptor@1.0.0
150 silly idealTree │ └── is-descriptor@1.0.2
150 silly idealTree ├─┬ snapdragon-util@3.0.1
150 silly idealTree │ └── kind-of@3.2.2
150 silly idealTree ├─┬ snapdragon@0.8.2
150 silly idealTree │ ├── define-property@0.2.5
150 silly idealTree │ └── extend-shallow@2.0.1
150 silly idealTree ├── socket.io-adapter@1.1.1
150 silly idealTree ├─┬ socket.io-client@2.2.0
150 silly idealTree │ └── debug@3.1.0
150 silly idealTree ├─┬ socket.io-parser@3.3.0
150 silly idealTree │ └── debug@3.1.0
150 silly idealTree ├─┬ socket.io@2.2.0
150 silly idealTree │ ├── debug@4.1.1
150 silly idealTree │ └── ms@2.1.1
150 silly idealTree ├── source-map-resolve@0.5.2
150 silly idealTree ├── source-map-url@0.4.0
150 silly idealTree ├── source-map@0.5.7
150 silly idealTree ├── split-string@3.1.0
150 silly idealTree ├─┬ static-extend@0.1.2
150 silly idealTree │ └── define-property@0.2.5
150 silly idealTree ├── statuses@1.5.0
150 silly idealTree ├── string_decoder@1.1.1
150 silly idealTree ├── string-width@2.1.1
150 silly idealTree ├── strip-ansi@4.0.0
150 silly idealTree ├── strip-eof@1.0.0
150 silly idealTree ├── strip-json-comments@2.0.1
150 silly idealTree ├── supports-color@5.5.0
150 silly idealTree ├── term-size@1.2.0
150 silly idealTree ├── timed-out@4.0.1
150 silly idealTree ├── to-array@0.1.4
150 silly idealTree ├─┬ to-object-path@0.3.0
150 silly idealTree │ └── kind-of@3.2.2
150 silly idealTree ├── to-regex-range@2.1.1
150 silly idealTree ├── to-regex@3.0.2
150 silly idealTree ├── toidentifier@1.0.0
150 silly idealTree ├── touch@3.1.0
150 silly idealTree ├── type-is@1.6.18
150 silly idealTree ├── undefsafe@2.0.2
150 silly idealTree ├─┬ union-value@1.0.0
150 silly idealTree │ ├── extend-shallow@2.0.1
150 silly idealTree │ └── set-value@0.4.3
150 silly idealTree ├── unique-string@1.0.0
150 silly idealTree ├── unpipe@1.0.0
150 silly idealTree ├─┬ unset-value@1.0.0
150 silly idealTree │ ├─┬ has-value@0.3.1
150 silly idealTree │ │ └── isobject@2.1.0
150 silly idealTree │ ├── has-values@0.1.4
150 silly idealTree │ └── isarray@1.0.0
150 silly idealTree ├── unzip-response@2.0.1
150 silly idealTree ├── upath@1.1.2
150 silly idealTree ├── update-notifier@2.5.0
150 silly idealTree ├── urix@0.1.0
150 silly idealTree ├── url-parse-lax@1.0.0
150 silly idealTree ├── use@3.1.1
150 silly idealTree ├── util-deprecate@1.0.2
150 silly idealTree ├── utils-merge@1.0.1
150 silly idealTree ├── vary@1.1.2
150 silly idealTree ├── which@1.3.1
150 silly idealTree ├── widest-line@2.0.1
150 silly idealTree ├── write-file-atomic@2.4.3
150 silly idealTree ├── ws@6.1.4
150 silly idealTree ├── xdg-basedir@3.0.0
150 silly idealTree ├── xmlhttprequest-ssl@1.5.5
150 silly idealTree ├── yallist@2.1.2
150 silly idealTree └── yeast@0.1.2
151 silly generateActionsToTake Starting
152 silly install generateActionsToTake
153 silly generateActionsToTake Finishing
154 silly diffTrees action count 4
155 silly diffTrees add ms@2.1.1
156 silly diffTrees add debug@4.1.1
157 silly diffTrees update express@4.17.1
158 silly diffTrees add socket.io@2.2.0
159 silly decomposeActions action count 32
160 silly decomposeActions fetch ms@2.1.1
161 silly decomposeActions extract ms@2.1.1
162 silly decomposeActions test ms@2.1.1
163 silly decomposeActions preinstall ms@2.1.1
164 silly decomposeActions build ms@2.1.1
165 silly decomposeActions install ms@2.1.1
166 silly decomposeActions postinstall ms@2.1.1
167 silly decomposeActions finalize ms@2.1.1
168 silly decomposeActions fetch debug@4.1.1
169 silly decomposeActions extract debug@4.1.1
170 silly decomposeActions test debug@4.1.1
171 silly decomposeActions preinstall debug@4.1.1
172 silly decomposeActions build debug@4.1.1
173 silly decomposeActions install debug@4.1.1
174 silly decomposeActions postinstall debug@4.1.1
175 silly decomposeActions finalize debug@4.1.1
176 silly decomposeActions fetch express@4.17.1
177 silly decomposeActions extract express@4.17.1
178 silly decomposeActions test express@4.17.1
179 silly decomposeActions preinstall express@4.17.1
180 silly decomposeActions build express@4.17.1
181 silly decomposeActions install express@4.17.1
182 silly decomposeActions postinstall express@4.17.1
183 silly decomposeActions finalize express@4.17.1
184 silly decomposeActions fetch socket.io@2.2.0
185 silly decomposeActions extract socket.io@2.2.0
186 silly decomposeActions test socket.io@2.2.0
187 silly decomposeActions preinstall socket.io@2.2.0
188 silly decomposeActions build socket.io@2.2.0
189 silly decomposeActions install socket.io@2.2.0
190 silly decomposeActions postinstall socket.io@2.2.0
191 silly decomposeActions finalize socket.io@2.2.0
192 silly executeActions Starting
193 silly install executeActions
194 silly doSerial global-install 0
195 silly doParallel fetch 4
196 verbose lock using /home/felipe/.npm/_locks/staging-99bcb5897a279519.lock for /home/felipe/BOOTCAMP/Frontend-Angular/SocketChatApp/node_modules/.staging
197 silly doParallel extract 4
198 silly extract ms@2.1.1
199 silly extract debug@4.1.1
200 silly extract express@4.17.1
201 silly extract socket.io@2.2.0
202 verbose unbuild node_modules/.staging/ms-699482ff
203 verbose unbuild node_modules/.staging/debug-82d7cc69
204 verbose unbuild node_modules/.staging/express-06b2c387
205 verbose unbuild node_modules/.staging/socket.io-40e1215d
206 silly gentlyRm /home/felipe/BOOTCAMP/Frontend-Angular/SocketChatApp/node_modules/.staging/ms-699482ff is being purged from base /home/felipe/BOOTCAMP/Frontend-Angular/SocketChatApp
207 verbose gentlyRm don't care about contents; nuking /home/felipe/BOOTCAMP/Frontend-Angular/SocketChatApp/node_modules/.staging/ms-699482ff
208 silly gentlyRm /home/felipe/BOOTCAMP/Frontend-Angular/SocketChatApp/node_modules/.staging/debug-82d7cc69 is being purged from base /home/felipe/BOOTCAMP/Frontend-Angular/SocketChatApp
209 verbose gentlyRm don't care about contents; nuking /home/felipe/BOOTCAMP/Frontend-Angular/SocketChatApp/node_modules/.staging/debug-82d7cc69
210 silly gentlyRm /home/felipe/BOOTCAMP/Frontend-Angular/SocketChatApp/node_modules/.staging/express-06b2c387 is being purged from base /home/felipe/BOOTCAMP/Frontend-Angular/SocketChatApp
211 verbose gentlyRm don't care about contents; nuking /home/felipe/BOOTCAMP/Frontend-Angular/SocketChatApp/node_modules/.staging/express-06b2c387
212 silly gentlyRm /home/felipe/BOOTCAMP/Frontend-Angular/SocketChatApp/node_modules/.staging/socket.io-40e1215d is being purged from base /home/felipe/BOOTCAMP/Frontend-Angular/SocketChatApp
213 verbose gentlyRm don't care about contents; nuking /home/felipe/BOOTCAMP/Frontend-Angular/SocketChatApp/node_modules/.staging/socket.io-40e1215d
214 verbose tar unpack /home/felipe/.npm/ms/2.1.1/package.tgz
215 verbose tar unpacking to /home/felipe/BOOTCAMP/Frontend-Angular/SocketChatApp/node_modules/.staging/ms-699482ff
216 silly gentlyRm /home/felipe/BOOTCAMP/Frontend-Angular/SocketChatApp/node_modules/.staging/ms-699482ff is being purged
217 verbose gentlyRm don't care about contents; nuking /home/felipe/BOOTCAMP/Frontend-Angular/SocketChatApp/node_modules/.staging/ms-699482ff
218 verbose tar unpack /home/felipe/.npm/debug/4.1.1/package.tgz
219 verbose tar unpacking to /home/felipe/BOOTCAMP/Frontend-Angular/SocketChatApp/node_modules/.staging/debug-82d7cc69
220 silly gentlyRm /home/felipe/BOOTCAMP/Frontend-Angular/SocketChatApp/node_modules/.staging/debug-82d7cc69 is being purged
221 verbose gentlyRm don't care about contents; nuking /home/felipe/BOOTCAMP/Frontend-Angular/SocketChatApp/node_modules/.staging/debug-82d7cc69
222 verbose tar unpack /home/felipe/.npm/express/4.17.1/package.tgz
223 verbose tar unpacking to /home/felipe/BOOTCAMP/Frontend-Angular/SocketChatApp/node_modules/.staging/express-06b2c387
224 silly gentlyRm /home/felipe/BOOTCAMP/Frontend-Angular/SocketChatApp/node_modules/.staging/express-06b2c387 is being purged
225 verbose gentlyRm don't care about contents; nuking /home/felipe/BOOTCAMP/Frontend-Angular/SocketChatApp/node_modules/.staging/express-06b2c387
226 verbose tar unpack /home/felipe/.npm/socket.io/2.2.0/package.tgz
227 verbose tar unpacking to /home/felipe/BOOTCAMP/Frontend-Angular/SocketChatApp/node_modules/.staging/socket.io-40e1215d
228 silly gentlyRm /home/felipe/BOOTCAMP/Frontend-Angular/SocketChatApp/node_modules/.staging/socket.io-40e1215d is being purged
229 verbose gentlyRm don't care about contents; nuking /home/felipe/BOOTCAMP/Frontend-Angular/SocketChatApp/node_modules/.staging/socket.io-40e1215d
230 silly gunzTarPerm modes [ '755', '644' ]
231 silly gunzTarPerm modes [ '755', '644' ]
232 silly gunzTarPerm modes [ '755', '644' ]
233 silly gunzTarPerm modes [ '755', '644' ]
234 silly gunzTarPerm extractEntry package.json
235 silly gunzTarPerm extractEntry package.json
236 silly gunzTarPerm extractEntry package.json
237 silly gunzTarPerm extractEntry package.json
238 silly gunzTarPerm modified mode [ 'package.json', 436, 420 ]
239 silly gunzTarPerm extractEntry index.js
240 silly gunzTarPerm extractEntry license.md
241 silly gunzTarPerm extractEntry CHANGELOG.md
242 silly gunzTarPerm extractEntry LICENSE
243 silly gunzTarPerm extractEntry README.md
244 silly gunzTarPerm extractEntry dist/debug.js
245 silly gunzTarPerm extractEntry src/browser.js
246 silly gunzTarPerm extractEntry src/common.js
247 silly gunzTarPerm extractEntry src/index.js
248 silly gunzTarPerm extractEntry src/node.js
249 silly gunzTarPerm extractEntry History.md
250 silly gunzTarPerm extractEntry LICENSE
251 silly gunzTarPerm modified mode [ 'LICENSE', 436, 420 ]
252 silly gunzTarPerm extractEntry Readme.md
253 silly gunzTarPerm modified mode [ 'Readme.md', 436, 420 ]
254 silly gunzTarPerm extractEntry index.js
255 silly gunzTarPerm extractEntry readme.md
256 silly gunzTarPerm extractEntry LICENSE
257 silly gunzTarPerm extractEntry Readme.md
258 silly gunzTarPerm extractEntry lib/application.js
259 silly gunzTarPerm extractEntry lib/client.js
260 silly gunzTarPerm modified mode [ 'lib/client.js', 436, 420 ]
261 silly gunzTarPerm extractEntry lib/express.js
262 silly gunzTarPerm extractEntry lib/middleware/init.js
263 silly gunzTarPerm extractEntry lib/middleware/query.js
264 silly gunzTarPerm extractEntry lib/index.js
265 silly gunzTarPerm modified mode [ 'lib/index.js', 436, 420 ]
266 silly gunzTarPerm extractEntry lib/namespace.js
267 silly gunzTarPerm modified mode [ 'lib/namespace.js', 436, 420 ]
268 silly gunzTarPerm extractEntry lib/request.js
269 silly gunzTarPerm extractEntry lib/response.js
270 silly gunzTarPerm extractEntry lib/parent-namespace.js
271 silly gunzTarPerm modified mode [ 'lib/parent-namespace.js', 436, 420 ]
272 silly gunzTarPerm extractEntry lib/socket.js
273 silly gunzTarPerm modified mode [ 'lib/socket.js', 436, 420 ]
274 silly gunzTarPerm extractEntry lib/router/index.js
275 silly gunzTarPerm extractEntry lib/router/layer.js
276 silly gunzTarPerm extractEntry lib/router/route.js
277 silly gunzTarPerm extractEntry lib/utils.js
278 silly gunzTarPerm extractEntry lib/view.js
279 silly gentlyRm /home/felipe/BOOTCAMP/Frontend-Angular/SocketChatApp/node_modules/.staging/ms-699482ff/node_modules is being purged
280 verbose gentlyRm don't care about contents; nuking /home/felipe/BOOTCAMP/Frontend-Angular/SocketChatApp/node_modules/.staging/ms-699482ff/node_modules
281 silly gentlyRm /home/felipe/BOOTCAMP/Frontend-Angular/SocketChatApp/node_modules/.staging/socket.io-40e1215d/node_modules is being purged
282 verbose gentlyRm don't care about contents; nuking /home/felipe/BOOTCAMP/Frontend-Angular/SocketChatApp/node_modules/.staging/socket.io-40e1215d/node_modules
283 silly gentlyRm /home/felipe/BOOTCAMP/Frontend-Angular/SocketChatApp/node_modules/.staging/debug-82d7cc69/node_modules is being purged
284 verbose gentlyRm don't care about contents; nuking /home/felipe/BOOTCAMP/Frontend-Angular/SocketChatApp/node_modules/.staging/debug-82d7cc69/node_modules
285 silly gentlyRm /home/felipe/BOOTCAMP/Frontend-Angular/SocketChatApp/node_modules/.staging/express-06b2c387/node_modules is being purged
286 verbose gentlyRm don't care about contents; nuking /home/felipe/BOOTCAMP/Frontend-Angular/SocketChatApp/node_modules/.staging/express-06b2c387/node_modules
287 silly doParallel preinstall 4
288 silly preinstall ms@2.1.1 /home/felipe/BOOTCAMP/Frontend-Angular/SocketChatApp/node_modules/.staging/ms-699482ff
289 info lifecycle ms@2.1.1~preinstall: ms@2.1.1
290 silly preinstall debug@4.1.1 /home/felipe/BOOTCAMP/Frontend-Angular/SocketChatApp/node_modules/.staging/debug-82d7cc69
291 info lifecycle debug@4.1.1~preinstall: debug@4.1.1
292 silly preinstall express@4.17.1 /home/felipe/BOOTCAMP/Frontend-Angular/SocketChatApp/node_modules/.staging/express-06b2c387
293 info lifecycle express@4.17.1~preinstall: express@4.17.1
294 silly preinstall socket.io@2.2.0 /home/felipe/BOOTCAMP/Frontend-Angular/SocketChatApp/node_modules/.staging/socket.io-40e1215d
295 info lifecycle socket.io@2.2.0~preinstall: socket.io@2.2.0
296 silly lifecycle ms@2.1.1~preinstall: no script for preinstall, continuing
297 silly lifecycle debug@4.1.1~preinstall: no script for preinstall, continuing
298 silly lifecycle express@4.17.1~preinstall: no script for preinstall, continuing
299 silly lifecycle socket.io@2.2.0~preinstall: no script for preinstall, continuing
300 silly doReverseSerial remove 0
301 silly doSerial move 0
302 silly doSerial finalize 4
303 silly finalize /home/felipe/BOOTCAMP/Frontend-Angular/SocketChatApp/node_modules/socket.io/node_modules/ms
304 silly finalize /home/felipe/BOOTCAMP/Frontend-Angular/SocketChatApp/node_modules/socket.io/node_modules/debug
305 silly finalize /home/felipe/BOOTCAMP/Frontend-Angular/SocketChatApp/node_modules/express
306 silly finalize /home/felipe/BOOTCAMP/Frontend-Angular/SocketChatApp/node_modules/socket.io
307 verbose unlock done using /home/felipe/.npm/_locks/staging-99bcb5897a279519.lock for /home/felipe/BOOTCAMP/Frontend-Angular/SocketChatApp/node_modules/.staging
308 silly rollbackFailedOptional Starting
309 silly rollbackFailedOptional Finishing
310 silly runTopLevelLifecycles Starting
311 silly runTopLevelLifecycles Finishing
312 silly install printInstalled
313 warn optional Skipping failed optional dependency /chokidar/fsevents:
314 warn notsup Not compatible with your operating system or architecture: fsevents@1.2.9
315 warn chat@1.0.0 No description
316 warn chat@1.0.0 No repository field.
317 verbose stack Error: ENOTEMPTY: directory not empty, rename '/home/felipe/BOOTCAMP/Frontend-Angular/SocketChatApp/node_modules/socket.io' -> '/home/felipe/BOOTCAMP/Frontend-Angular/SocketChatApp/node_modules/.socket.io.DELETE'
317 verbose stack     at moveAway (/usr/share/npm/lib/install/action/finalize.js:38:5)
317 verbose stack     at destStatted (/usr/share/npm/lib/install/action/finalize.js:27:7)
317 verbose stack     at FSReqWrap.oncomplete (fs.js:153:5)
317 verbose stack
317 verbose stack Error: ENOTEMPTY: directory not empty, rename '/home/felipe/BOOTCAMP/Frontend-Angular/SocketChatApp/node_modules/socket.io' -> '/home/felipe/BOOTCAMP/Frontend-Angular/SocketChatApp/node_modules/.socket.io.DELETE'
318 verbose cwd /home/felipe/BOOTCAMP/Frontend-Angular/SocketChatApp
319 error Linux 4.18.0-20-generic
320 error argv "/usr/bin/node" "/usr/bin/npm" "i" "socket.io" "-S"
321 error node v8.10.0
322 error npm  v3.5.2
323 error path /home/felipe/BOOTCAMP/Frontend-Angular/SocketChatApp/node_modules/socket.io
324 error code ENOTEMPTY
325 error errno -39
326 error syscall rename
327 error ENOTEMPTY: directory not empty, rename '/home/felipe/BOOTCAMP/Frontend-Angular/SocketChatApp/node_modules/socket.io' -> '/home/felipe/BOOTCAMP/Frontend-Angular/SocketChatApp/node_modules/.socket.io.DELETE'
328 error If you need help, you may report this error at:
328 error     <https://github.com/npm/npm/issues>
329 verbose exit [ -39, true ]
